{
  "RSpec": {
    "coverage": {
      "/Users/andrewmullins/Desktop/Turing/1mod/projects/battleship/spec/board_spec.rb": {
        "lines": [
          1,
          1,
          1,
          1,
          null,
          1,
          1,
          1,
          1,
          null,
          null,
          1,
          1,
          null,
          1,
          1,
          null,
          null,
          1,
          1,
          null,
          1,
          1,
          1,
          1,
          1,
          1,
          1,
          1,
          1,
          1,
          null,
          null,
          1,
          1,
          1,
          1,
          null,
          1,
          1,
          1,
          1,
          null,
          null,
          1,
          1,
          1,
          1,
          null,
          1,
          1,
          1,
          1,
          1,
          1,
          1,
          1,
          null,
          1,
          1,
          null,
          null,
          1,
          1,
          1,
          1,
          null,
          1,
          null,
          1,
          null,
          1,
          1,
          1,
          null,
          null,
          1,
          1,
          1,
          null,
          1,
          1,
          1,
          1,
          null,
          1,
          1,
          1,
          null,
          null,
          1,
          1,
          1,
          1,
          null,
          1,
          null,
          1,
          null,
          1,
          1,
          null,
          null
        ]
      },
      "/Users/andrewmullins/Desktop/Turing/1mod/projects/battleship/lib/board.rb": {
        "lines": [
          1,
          1,
          null,
          null,
          1,
          47,
          47,
          null,
          null,
          1,
          39,
          null,
          null,
          1,
          29459,
          0,
          null,
          null,
          73804,
          12,
          null,
          null,
          29447,
          14655,
          null,
          null,
          14792,
          14792,
          14792,
          14593,
          null,
          null,
          199,
          null,
          null,
          1,
          29462,
          44361,
          null,
          null,
          29462,
          null,
          null,
          null,
          1,
          14793,
          44326,
          null,
          null,
          null,
          14793,
          14793,
          14793,
          null,
          44326,
          null,
          null,
          44326,
          null,
          14793,
          null,
          null,
          null,
          1,
          14793,
          44325,
          null,
          null,
          14793,
          59118,
          null,
          14793,
          null,
          null,
          null,
          1,
          947,
          2824,
          null,
          null,
          947,
          947,
          947,
          null,
          2824,
          null,
          2824,
          null,
          947,
          null,
          null,
          null,
          1,
          546,
          1615,
          null,
          null,
          546,
          2161,
          null,
          546,
          null,
          null,
          null,
          1,
          35,
          89,
          null,
          null,
          null,
          1,
          3,
          3,
          null,
          null,
          63,
          null,
          null,
          null,
          51,
          null,
          3,
          null,
          3,
          3,
          12,
          null,
          12,
          12,
          12,
          null,
          null,
          null,
          3,
          null,
          3,
          null,
          null
        ]
      },
      "/Users/andrewmullins/Desktop/Turing/1mod/projects/battleship/lib/ship.rb": {
        "lines": [
          1,
          1,
          null,
          null,
          null,
          1,
          96,
          96,
          96,
          null,
          null,
          1,
          145,
          null,
          null,
          1,
          32,
          31,
          null,
          null
        ]
      },
      "/Users/andrewmullins/Desktop/Turing/1mod/projects/battleship/lib/cell.rb": {
        "lines": [
          1,
          1,
          null,
          null,
          null,
          1,
          826,
          826,
          826,
          null,
          null,
          1,
          46185,
          null,
          null,
          1,
          92,
          null,
          null,
          1,
          2,
          null,
          null,
          1,
          77,
          null,
          73,
          73,
          25,
          null,
          null,
          null,
          null,
          1,
          479,
          34,
          null,
          445,
          4,
          null,
          441,
          51,
          null,
          390,
          58,
          null,
          332,
          332,
          null,
          null,
          null,
          null
        ]
      },
      "/Users/andrewmullins/Desktop/Turing/1mod/projects/battleship/lib/cell_generator.rb": {
        "lines": [
          1,
          1,
          null,
          null,
          1,
          52,
          52,
          null,
          null,
          1,
          50,
          50,
          null,
          null,
          null,
          null,
          null,
          null,
          50,
          1022,
          null,
          820,
          null,
          null,
          null
        ]
      },
      "/Users/andrewmullins/Desktop/Turing/1mod/projects/battleship/spec/cell_generator_spec.rb": {
        "lines": [
          1,
          1,
          1,
          null,
          1,
          1,
          1,
          1,
          null,
          null,
          1,
          1,
          null,
          1,
          null,
          1,
          null,
          null,
          1,
          1,
          null,
          1,
          1,
          null,
          null,
          1,
          1,
          null,
          1,
          null,
          null,
          1,
          1,
          null,
          1,
          1,
          null,
          null
        ]
      },
      "/Users/andrewmullins/Desktop/Turing/1mod/projects/battleship/spec/cell_spec.rb": {
        "lines": [
          1,
          1,
          null,
          1,
          1,
          1,
          null,
          1,
          null,
          null,
          1,
          1,
          null,
          1,
          1,
          null,
          null,
          1,
          1,
          1,
          1,
          null,
          1,
          1,
          1,
          null,
          null,
          1,
          1,
          1,
          null,
          1,
          1,
          1,
          1,
          1,
          null,
          null,
          1,
          1,
          1,
          null,
          1,
          1,
          1,
          null,
          1,
          1,
          null,
          null,
          1,
          1,
          1,
          1,
          null,
          1,
          1,
          1,
          null,
          1,
          1,
          null,
          1,
          1,
          null,
          1,
          1,
          null,
          1,
          1,
          null,
          1,
          1,
          null,
          null
        ]
      },
      "/Users/andrewmullins/Desktop/Turing/1mod/projects/battleship/spec/computer_spec.rb": {
        "lines": [
          1,
          1,
          1,
          1,
          1,
          1,
          1,
          null,
          1,
          1,
          1,
          null,
          1,
          null,
          null,
          1,
          1,
          1,
          1,
          1,
          null,
          null,
          1,
          1,
          null,
          1,
          1,
          null,
          1,
          1,
          1,
          1,
          null,
          null,
          1,
          1,
          1,
          50,
          null,
          null,
          null,
          null,
          null,
          null,
          1,
          1,
          null,
          1,
          17,
          null,
          null,
          1,
          1,
          1,
          16,
          16,
          null,
          null,
          null,
          1,
          1,
          null,
          1,
          1,
          null,
          1,
          1,
          null,
          1,
          null,
          1,
          1,
          null,
          1,
          null,
          1,
          1,
          null,
          1,
          null,
          1,
          1,
          null,
          1,
          null,
          null,
          1,
          1,
          null,
          1,
          1,
          null,
          1,
          1,
          null,
          1,
          null,
          1,
          1,
          null,
          1,
          null,
          null,
          1,
          1,
          null,
          1,
          1,
          null,
          1,
          1,
          null,
          1,
          null,
          1,
          1,
          null,
          1,
          1,
          null,
          1,
          null,
          null,
          1,
          1,
          null,
          1,
          1,
          null,
          1,
          1,
          null,
          1,
          1,
          null,
          1,
          1,
          null,
          null,
          1,
          1,
          null,
          1,
          1,
          null,
          1,
          1,
          null,
          1,
          1,
          1,
          null,
          1,
          null,
          null,
          1,
          1,
          null,
          1,
          1,
          null,
          1,
          1,
          null,
          1,
          1,
          1,
          null,
          1,
          null,
          null,
          1,
          1,
          null,
          1,
          1,
          null,
          1,
          1,
          1,
          null,
          1,
          null,
          null,
          1,
          1,
          1,
          null,
          1,
          1,
          1,
          1,
          null,
          null,
          1,
          null,
          null,
          null,
          null,
          null,
          1,
          null,
          1,
          1,
          null,
          1,
          1,
          null,
          1,
          1,
          1,
          null,
          1,
          null,
          1,
          null,
          1,
          null,
          1,
          null,
          1,
          null,
          1,
          null,
          1,
          null,
          1,
          null,
          null
        ]
      },
      "/Users/andrewmullins/Desktop/Turing/1mod/projects/battleship/lib/game.rb": {
        "lines": [
          1,
          1,
          null,
          null,
          1,
          16,
          16,
          16,
          null,
          null,
          1,
          0,
          0,
          0,
          0,
          0,
          0,
          null,
          0,
          0,
          0,
          0,
          0,
          0,
          null,
          0,
          null,
          0,
          0,
          0,
          0,
          null,
          null,
          1,
          2,
          null,
          null,
          1,
          36,
          36,
          null,
          null,
          1,
          0,
          0,
          0,
          0,
          0,
          null,
          null,
          1,
          0,
          0,
          null,
          null,
          1,
          0,
          0,
          0,
          0,
          0,
          0,
          null,
          null,
          null,
          1,
          0,
          0,
          0,
          0,
          0,
          0,
          null,
          null,
          null,
          1,
          2,
          1,
          null,
          1,
          null,
          null,
          null,
          1,
          0,
          null,
          0,
          null,
          null,
          null,
          0,
          0,
          0,
          null,
          null,
          1,
          0,
          0,
          0,
          null,
          null,
          null,
          null,
          0,
          0,
          null,
          0,
          null,
          null,
          null,
          null,
          null,
          0,
          0,
          null,
          null,
          1,
          0,
          null,
          0,
          0,
          null,
          0,
          null,
          0,
          0,
          0,
          null,
          null,
          0,
          0,
          0,
          null,
          null,
          null,
          1,
          0,
          null,
          0,
          0,
          0,
          null,
          0,
          null,
          null,
          null
        ]
      },
      "/Users/andrewmullins/Desktop/Turing/1mod/projects/battleship/lib/player.rb": {
        "lines": [
          1,
          1,
          null,
          null,
          null,
          1,
          19,
          19,
          19,
          null,
          null,
          1,
          23,
          22,
          null,
          1,
          null,
          null,
          null
        ]
      },
      "/Users/andrewmullins/Desktop/Turing/1mod/projects/battleship/lib/computer.rb": {
        "lines": [
          1,
          1,
          null,
          null,
          null,
          null,
          null,
          null,
          null,
          null,
          null,
          1,
          null,
          null,
          1,
          20,
          20,
          20,
          20,
          20,
          20,
          20,
          20,
          20,
          20,
          null,
          null,
          1,
          10,
          10,
          null,
          null,
          null,
          1,
          56,
          56,
          14653,
          43921,
          null,
          14709,
          null,
          null,
          14597,
          null,
          null,
          56,
          null,
          null,
          1,
          3,
          3,
          3,
          6,
          null,
          null,
          null,
          1,
          22,
          22,
          20,
          null,
          22,
          22,
          null,
          null,
          null,
          1,
          8,
          8,
          null,
          null,
          null,
          1,
          3,
          null,
          3,
          null,
          3,
          null,
          3,
          null,
          3,
          null,
          3,
          12,
          null,
          3,
          null,
          null,
          null,
          1,
          3,
          3,
          null,
          null,
          1,
          340,
          null,
          null,
          1,
          2,
          2,
          2,
          null,
          null,
          1,
          null,
          null,
          8,
          0,
          0,
          0,
          0,
          null,
          null,
          8,
          6,
          null,
          null,
          136,
          null,
          8,
          null,
          2,
          null,
          2,
          1,
          null,
          1,
          null,
          0,
          null,
          0,
          null,
          0,
          0,
          0,
          null,
          1,
          1,
          1,
          1,
          null,
          0,
          null,
          null,
          null,
          null,
          1,
          51,
          3,
          2,
          1,
          1,
          null,
          null,
          null,
          1,
          1,
          17,
          1,
          1,
          1,
          1,
          1,
          1,
          0,
          0,
          0,
          0,
          0,
          null,
          null,
          0,
          null,
          null,
          null,
          1,
          0,
          0,
          0,
          null,
          0,
          0,
          0,
          0,
          0,
          0,
          0,
          0,
          0,
          null,
          null,
          null,
          1,
          3,
          2,
          2,
          2,
          1,
          null,
          1,
          1,
          0,
          1,
          1,
          0,
          0,
          0,
          0,
          null,
          1,
          null,
          1,
          null,
          null,
          null,
          1,
          4,
          null,
          null,
          1,
          5,
          null,
          null,
          1,
          4,
          null,
          null,
          1,
          4,
          null,
          null
        ]
      },
      "/Users/andrewmullins/Desktop/Turing/1mod/projects/battleship/spec/game_spec.rb": {
        "lines": [
          1,
          1,
          1,
          1,
          1,
          1,
          1,
          null,
          1,
          1,
          1,
          null,
          1,
          null,
          null,
          1,
          1,
          null,
          1,
          1,
          null,
          null,
          1,
          1,
          null,
          1,
          null,
          17,
          null,
          null,
          1,
          1,
          null,
          1,
          1,
          1,
          1,
          null,
          1,
          1,
          null,
          1,
          null,
          1,
          1,
          null,
          1,
          null,
          1,
          1,
          null,
          1,
          null,
          1,
          1,
          null,
          1,
          null,
          1,
          1,
          null,
          null,
          1,
          1,
          null,
          1,
          1,
          1,
          null,
          1,
          1,
          1,
          null,
          1,
          null,
          1,
          1,
          null,
          1,
          null,
          null
        ]
      },
      "/Users/andrewmullins/Desktop/Turing/1mod/projects/battleship/spec/player_spec.rb": {
        "lines": [
          1,
          1,
          1,
          1,
          1,
          1,
          null,
          1,
          1,
          1,
          null,
          1,
          null,
          null,
          1,
          1,
          null,
          1,
          1,
          1,
          null,
          null,
          1,
          1,
          null,
          1,
          1,
          null,
          1,
          1,
          1,
          1,
          1,
          null,
          null
        ]
      },
      "/Users/andrewmullins/Desktop/Turing/1mod/projects/battleship/spec/ship_spec.rb": {
        "lines": [
          1,
          null,
          1,
          1,
          1,
          null,
          1,
          null,
          null,
          1,
          1,
          null,
          1,
          1,
          null,
          null,
          1,
          1,
          1,
          null,
          null,
          1,
          1,
          null,
          1,
          1,
          1,
          1,
          1,
          1,
          1,
          1,
          null,
          null,
          1,
          1,
          1,
          1,
          1,
          null,
          null
        ]
      }
    },
    "timestamp": 1658339482
  }
}
